Build started 12/2/2018 11:28:37 AM.
     1>Project "C:\Program Files (x86)\Steam\steamapps\common\Quake 2\final\game.vcxproj" on node 2 (Build target(s)).
     1>ClCompile:
         C:\Program Files (x86)\Microsoft Visual Studio 12.0\VC\bin\CL.exe /c /ZI /nologo /W3 /WX- /Od /Oy- /D WIN32 /D _DEBUG /D _WINDOWS /D BUILDING_REF_GL /D _VC80_UPGRADE=0x0600 /D _WINDLL /Gm /EHsc /MTd /GS /fp:precise /Zc:wchar_t /Zc:forScope /Fo".\debug/" /Fd".\debug/vc120.pdb" /FR".\debug\\" /Gd /TC /analyze- /errorReport:prompt g_ai.c g_chase.c g_cmds.c g_combat.c g_func.c g_items.c g_main.c g_misc.c g_monster.c g_phys.c g_save.c g_spawn.c g_svcmds.c g_target.c g_trigger.c g_turret.c g_utils.c g_weapon.c m_actor.c m_berserk.c m_boss2.c m_boss3.c m_boss31.c m_boss32.c m_brain.c m_chick.c m_flash.c m_flipper.c m_float.c m_flyer.c m_gladiator.c m_gunner.c m_hover.c m_infantry.c m_insane.c m_medic.c m_move.c m_mutant.c m_parasite.c m_soldier.c m_supertank.c m_tank.c p_client.c p_hud.c p_trail.c p_view.c p_weapon.c q_shared.c
         q_shared.c
     1>c:\program files (x86)\steam\steamapps\common\quake 2\final\q_shared.c(857): warning C4996: 'strncpy': This function or variable may be unsafe. Consider using strncpy_s instead. To disable deprecation, use _CRT_SECURE_NO_WARNINGS. See online help for details.
                 c:\program files (x86)\microsoft visual studio 12.0\vc\include\string.h(195) : see declaration of 'strncpy'
     1>c:\program files (x86)\steam\steamapps\common\quake 2\final\q_shared.c(878): warning C4996: 'strncpy': This function or variable may be unsafe. Consider using strncpy_s instead. To disable deprecation, use _CRT_SECURE_NO_WARNINGS. See online help for details.
                 c:\program files (x86)\microsoft visual studio 12.0\vc\include\string.h(195) : see declaration of 'strncpy'
     1>c:\program files (x86)\steam\steamapps\common\quake 2\final\q_shared.c(904): warning C4996: 'strcat': This function or variable may be unsafe. Consider using strcat_s instead. To disable deprecation, use _CRT_SECURE_NO_WARNINGS. See online help for details.
                 c:\program files (x86)\microsoft visual studio 12.0\vc\include\string.h(118) : see declaration of 'strcat'
     1>c:\program files (x86)\steam\steamapps\common\quake 2\final\q_shared.c(1037): warning C4996: 'vsprintf': This function or variable may be unsafe. Consider using vsprintf_s instead. To disable deprecation, use _CRT_SECURE_NO_WARNINGS. See online help for details.
                 c:\program files (x86)\microsoft visual studio 12.0\vc\include\stdio.h(356) : see declaration of 'vsprintf'
     1>c:\program files (x86)\steam\steamapps\common\quake 2\final\q_shared.c(1211): warning C4996: 'vsprintf': This function or variable may be unsafe. Consider using vsprintf_s instead. To disable deprecation, use _CRT_SECURE_NO_WARNINGS. See online help for details.
                 c:\program files (x86)\microsoft visual studio 12.0\vc\include\stdio.h(356) : see declaration of 'vsprintf'
     1>c:\program files (x86)\steam\steamapps\common\quake 2\final\q_shared.c(1215): warning C4996: 'strncpy': This function or variable may be unsafe. Consider using strncpy_s instead. To disable deprecation, use _CRT_SECURE_NO_WARNINGS. See online help for details.
                 c:\program files (x86)\microsoft visual studio 12.0\vc\include\string.h(195) : see declaration of 'strncpy'
     1>c:\program files (x86)\steam\steamapps\common\quake 2\final\q_shared.c(1315): warning C4996: 'strcpy': This function or variable may be unsafe. Consider using strcpy_s instead. To disable deprecation, use _CRT_SECURE_NO_WARNINGS. See online help for details.
                 c:\program files (x86)\microsoft visual studio 12.0\vc\include\string.h(112) : see declaration of 'strcpy'
         p_weapon.c
         p_view.c
         p_trail.c
         p_hud.c
     1>c:\program files (x86)\steam\steamapps\common\quake 2\final\p_hud.c(215): warning C4996: 'strcpy': This function or variable may be unsafe. Consider using strcpy_s instead. To disable deprecation, use _CRT_SECURE_NO_WARNINGS. See online help for details.
                 c:\program files (x86)\microsoft visual studio 12.0\vc\include\string.h(112) : see declaration of 'strcpy'
     1>c:\program files (x86)\steam\steamapps\common\quake 2\final\p_hud.c(226): warning C4996: 'strcpy': This function or variable may be unsafe. Consider using strcpy_s instead. To disable deprecation, use _CRT_SECURE_NO_WARNINGS. See online help for details.
                 c:\program files (x86)\microsoft visual studio 12.0\vc\include\string.h(112) : see declaration of 'strcpy'
         p_client.c
     1>c:\program files (x86)\steam\steamapps\common\quake 2\final\p_client.c(1360): warning C4996: 'strcpy': This function or variable may be unsafe. Consider using strcpy_s instead. To disable deprecation, use _CRT_SECURE_NO_WARNINGS. See online help for details.
                 c:\program files (x86)\microsoft visual studio 12.0\vc\include\string.h(112) : see declaration of 'strcpy'
     1>c:\program files (x86)\steam\steamapps\common\quake 2\final\p_client.c(1365): warning C4996: 'strncpy': This function or variable may be unsafe. Consider using strncpy_s instead. To disable deprecation, use _CRT_SECURE_NO_WARNINGS. See online help for details.
                 c:\program files (x86)\microsoft visual studio 12.0\vc\include\string.h(195) : see declaration of 'strncpy'
     1>c:\program files (x86)\steam\steamapps\common\quake 2\final\p_client.c(1405): warning C4996: 'strncpy': This function or variable may be unsafe. Consider using strncpy_s instead. To disable deprecation, use _CRT_SECURE_NO_WARNINGS. See online help for details.
                 c:\program files (x86)\microsoft visual studio 12.0\vc\include\string.h(195) : see declaration of 'strncpy'
         m_tank.c
         m_supertank.c
         m_soldier.c
         m_parasite.c
         m_mutant.c
         m_move.c
         m_medic.c
         m_insane.c
         m_infantry.c
         m_hover.c
         m_gunner.c
         m_gladiator.c
         m_flyer.c
         m_float.c
         Generating Code...
         Compiling...
         m_flipper.c
         m_flash.c
         m_chick.c
         m_brain.c
         m_boss32.c
         m_boss31.c
         m_boss3.c
         m_boss2.c
         m_berserk.c
         m_actor.c
         g_weapon.c
         g_utils.c
     1>c:\program files (x86)\steam\steamapps\common\quake 2\final\g_utils.c(377): warning C4996: 'strcpy': This function or variable may be unsafe. Consider using strcpy_s instead. To disable deprecation, use _CRT_SECURE_NO_WARNINGS. See online help for details.
                 c:\program files (x86)\microsoft visual studio 12.0\vc\include\string.h(112) : see declaration of 'strcpy'
         g_turret.c
         g_trigger.c
         g_target.c
     1>c:\program files (x86)\steam\steamapps\common\quake 2\final\g_target.c(74): warning C4996: 'strncpy': This function or variable may be unsafe. Consider using strncpy_s instead. To disable deprecation, use _CRT_SECURE_NO_WARNINGS. See online help for details.
                 c:\program files (x86)\microsoft visual studio 12.0\vc\include\string.h(195) : see declaration of 'strncpy'
     1>c:\program files (x86)\steam\steamapps\common\quake 2\final\g_target.c(102): warning C4996: 'strncpy': This function or variable may be unsafe. Consider using strncpy_s instead. To disable deprecation, use _CRT_SECURE_NO_WARNINGS. See online help for details.
                 c:\program files (x86)\microsoft visual studio 12.0\vc\include\string.h(195) : see declaration of 'strncpy'
     1>c:\program files (x86)\steam\steamapps\common\quake 2\final\g_target.c(104): warning C4996: 'strncpy': This function or variable may be unsafe. Consider using strncpy_s instead. To disable deprecation, use _CRT_SECURE_NO_WARNINGS. See online help for details.
                 c:\program files (x86)\microsoft visual studio 12.0\vc\include\string.h(195) : see declaration of 'strncpy'
         g_svcmds.c
     1>c:\program files (x86)\steam\steamapps\common\quake 2\final\g_svcmds.c(230): warning C4996: 'sprintf': This function or variable may be unsafe. Consider using sprintf_s instead. To disable deprecation, use _CRT_SECURE_NO_WARNINGS. See online help for details.
                 c:\program files (x86)\microsoft visual studio 12.0\vc\include\stdio.h(356) : see declaration of 'sprintf'
     1>c:\program files (x86)\steam\steamapps\common\quake 2\final\g_svcmds.c(232): warning C4996: 'sprintf': This function or variable may be unsafe. Consider using sprintf_s instead. To disable deprecation, use _CRT_SECURE_NO_WARNINGS. See online help for details.
                 c:\program files (x86)\microsoft visual studio 12.0\vc\include\stdio.h(356) : see declaration of 'sprintf'
     1>c:\program files (x86)\steam\steamapps\common\quake 2\final\g_svcmds.c(236): warning C4996: 'fopen': This function or variable may be unsafe. Consider using fopen_s instead. To disable deprecation, use _CRT_SECURE_NO_WARNINGS. See online help for details.
                 c:\program files (x86)\microsoft visual studio 12.0\vc\include\stdio.h(211) : see declaration of 'fopen'
         g_spawn.c
     1>c:\program files (x86)\steam\steamapps\common\quake 2\final\g_spawn.c(361): warning C4996: 'sscanf': This function or variable may be unsafe. Consider using sscanf_s instead. To disable deprecation, use _CRT_SECURE_NO_WARNINGS. See online help for details.
                 c:\program files (x86)\microsoft visual studio 12.0\vc\include\stdio.h(304) : see declaration of 'sscanf'
     1>c:\program files (x86)\steam\steamapps\common\quake 2\final\g_spawn.c(414): warning C4996: 'strncpy': This function or variable may be unsafe. Consider using strncpy_s instead. To disable deprecation, use _CRT_SECURE_NO_WARNINGS. See online help for details.
                 c:\program files (x86)\microsoft visual studio 12.0\vc\include\string.h(195) : see declaration of 'strncpy'
     1>c:\program files (x86)\steam\steamapps\common\quake 2\final\g_spawn.c(524): warning C4996: 'strncpy': This function or variable may be unsafe. Consider using strncpy_s instead. To disable deprecation, use _CRT_SECURE_NO_WARNINGS. See online help for details.
                 c:\program files (x86)\microsoft visual studio 12.0\vc\include\string.h(195) : see declaration of 'strncpy'
     1>c:\program files (x86)\steam\steamapps\common\quake 2\final\g_spawn.c(525): warning C4996: 'strncpy': This function or variable may be unsafe. Consider using strncpy_s instead. To disable deprecation, use _CRT_SECURE_NO_WARNINGS. See online help for details.
                 c:\program files (x86)\microsoft visual studio 12.0\vc\include\string.h(195) : see declaration of 'strncpy'
     1>c:\program files (x86)\steam\steamapps\common\quake 2\final\g_spawn.c(793): warning C4996: 'strcpy': This function or variable may be unsafe. Consider using strcpy_s instead. To disable deprecation, use _CRT_SECURE_NO_WARNINGS. See online help for details.
                 c:\program files (x86)\microsoft visual studio 12.0\vc\include\string.h(112) : see declaration of 'strcpy'
     1>c:\program files (x86)\steam\steamapps\common\quake 2\final\g_spawn.c(800): warning C4996: 'strncpy': This function or variable may be unsafe. Consider using strncpy_s instead. To disable deprecation, use _CRT_SECURE_NO_WARNINGS. See online help for details.
                 c:\program files (x86)\microsoft visual studio 12.0\vc\include\string.h(195) : see declaration of 'strncpy'
     1>c:\program files (x86)\steam\steamapps\common\quake 2\final\g_spawn.c(803): warning C4996: 'strncpy': This function or variable may be unsafe. Consider using strncpy_s instead. To disable deprecation, use _CRT_SECURE_NO_WARNINGS. See online help for details.
                 c:\program files (x86)\microsoft visual studio 12.0\vc\include\string.h(195) : see declaration of 'strncpy'
         g_save.c
     1>c:\program files (x86)\steam\steamapps\common\quake 2\final\g_save.c(451): warning C4996: 'fopen': This function or variable may be unsafe. Consider using fopen_s instead. To disable deprecation, use _CRT_SECURE_NO_WARNINGS. See online help for details.
                 c:\program files (x86)\microsoft visual studio 12.0\vc\include\stdio.h(211) : see declaration of 'fopen'
     1>c:\program files (x86)\steam\steamapps\common\quake 2\final\g_save.c(456): warning C4996: 'strcpy': This function or variable may be unsafe. Consider using strcpy_s instead. To disable deprecation, use _CRT_SECURE_NO_WARNINGS. See online help for details.
                 c:\program files (x86)\microsoft visual studio 12.0\vc\include\string.h(112) : see declaration of 'strcpy'
     1>c:\program files (x86)\steam\steamapps\common\quake 2\final\g_save.c(477): warning C4996: 'fopen': This function or variable may be unsafe. Consider using fopen_s instead. To disable deprecation, use _CRT_SECURE_NO_WARNINGS. See online help for details.
                 c:\program files (x86)\microsoft visual studio 12.0\vc\include\stdio.h(211) : see declaration of 'fopen'
     1>c:\program files (x86)\steam\steamapps\common\quake 2\final\g_save.c(617): warning C4996: 'fopen': This function or variable may be unsafe. Consider using fopen_s instead. To disable deprecation, use _CRT_SECURE_NO_WARNINGS. See online help for details.
                 c:\program files (x86)\microsoft visual studio 12.0\vc\include\stdio.h(211) : see declaration of 'fopen'
     1>c:\program files (x86)\steam\steamapps\common\quake 2\final\g_save.c(672): warning C4996: 'fopen': This function or variable may be unsafe. Consider using fopen_s instead. To disable deprecation, use _CRT_SECURE_NO_WARNINGS. See online help for details.
                 c:\program files (x86)\microsoft visual studio 12.0\vc\include\stdio.h(211) : see declaration of 'fopen'
         g_phys.c
         g_monster.c
         Generating Code...
         Compiling...
         g_misc.c
     1>c:\program files (x86)\steam\steamapps\common\quake 2\final\g_misc.c(1681): warning C4996: 'localtime': This function or variable may be unsafe. Consider using localtime_s instead. To disable deprecation, use _CRT_SECURE_NO_WARNINGS. See online help for details.
                 c:\program files (x86)\microsoft visual studio 12.0\vc\include\time.inl(112) : see declaration of 'localtime'
         g_main.c
     1>c:\program files (x86)\steam\steamapps\common\quake 2\final\g_main.c(130): warning C4996: 'vsprintf': This function or variable may be unsafe. Consider using vsprintf_s instead. To disable deprecation, use _CRT_SECURE_NO_WARNINGS. See online help for details.
                 c:\program files (x86)\microsoft visual studio 12.0\vc\include\stdio.h(356) : see declaration of 'vsprintf'
     1>c:\program files (x86)\steam\steamapps\common\quake 2\final\g_main.c(142): warning C4996: 'vsprintf': This function or variable may be unsafe. Consider using vsprintf_s instead. To disable deprecation, use _CRT_SECURE_NO_WARNINGS. See online help for details.
                 c:\program files (x86)\microsoft visual studio 12.0\vc\include\stdio.h(356) : see declaration of 'vsprintf'
     1>c:\program files (x86)\steam\steamapps\common\quake 2\final\g_main.c(215): warning C4996: 'strdup': The POSIX name for this item is deprecated. Instead, use the ISO C++ conformant name: _strdup. See online help for details.
                 c:\program files (x86)\microsoft visual studio 12.0\vc\include\string.h(245) : see declaration of 'strdup'
     1>c:\program files (x86)\steam\steamapps\common\quake 2\final\g_main.c(217): warning C4996: 'strtok': This function or variable may be unsafe. Consider using strtok_s instead. To disable deprecation, use _CRT_SECURE_NO_WARNINGS. See online help for details.
                 c:\program files (x86)\microsoft visual studio 12.0\vc\include\string.h(204) : see declaration of 'strtok'
     1>c:\program files (x86)\steam\steamapps\common\quake 2\final\g_main.c(221): warning C4996: 'strtok': This function or variable may be unsafe. Consider using strtok_s instead. To disable deprecation, use _CRT_SECURE_NO_WARNINGS. See online help for details.
                 c:\program files (x86)\microsoft visual studio 12.0\vc\include\string.h(204) : see declaration of 'strtok'
     1>c:\program files (x86)\steam\steamapps\common\quake 2\final\g_main.c(234): warning C4996: 'strtok': This function or variable may be unsafe. Consider using strtok_s instead. To disable deprecation, use _CRT_SECURE_NO_WARNINGS. See online help for details.
                 c:\program files (x86)\microsoft visual studio 12.0\vc\include\string.h(204) : see declaration of 'strtok'
         g_items.c
         g_func.c
         g_combat.c
         g_cmds.c
     1>c:\program files (x86)\steam\steamapps\common\quake 2\final\g_cmds.c(15): warning C4996: 'strcpy': This function or variable may be unsafe. Consider using strcpy_s instead. To disable deprecation, use _CRT_SECURE_NO_WARNINGS. See online help for details.
                 c:\program files (x86)\microsoft visual studio 12.0\vc\include\string.h(112) : see declaration of 'strcpy'
     1>c:\program files (x86)\steam\steamapps\common\quake 2\final\g_cmds.c(38): warning C4996: 'strcpy': This function or variable may be unsafe. Consider using strcpy_s instead. To disable deprecation, use _CRT_SECURE_NO_WARNINGS. See online help for details.
                 c:\program files (x86)\microsoft visual studio 12.0\vc\include\string.h(112) : see declaration of 'strcpy'
     1>c:\program files (x86)\steam\steamapps\common\quake 2\final\g_cmds.c(39): warning C4996: 'strcpy': This function or variable may be unsafe. Consider using strcpy_s instead. To disable deprecation, use _CRT_SECURE_NO_WARNINGS. See online help for details.
                 c:\program files (x86)\microsoft visual studio 12.0\vc\include\string.h(112) : see declaration of 'strcpy'
     1>c:\program files (x86)\steam\steamapps\common\quake 2\final\g_cmds.c(703): warning C4996: 'strcat': This function or variable may be unsafe. Consider using strcat_s instead. To disable deprecation, use _CRT_SECURE_NO_WARNINGS. See online help for details.
                 c:\program files (x86)\microsoft visual studio 12.0\vc\include\string.h(118) : see declaration of 'strcat'
     1>c:\program files (x86)\steam\steamapps\common\quake 2\final\g_cmds.c(706): warning C4996: 'strcat': This function or variable may be unsafe. Consider using strcat_s instead. To disable deprecation, use _CRT_SECURE_NO_WARNINGS. See online help for details.
                 c:\program files (x86)\microsoft visual studio 12.0\vc\include\string.h(118) : see declaration of 'strcat'
     1>c:\program files (x86)\steam\steamapps\common\quake 2\final\g_cmds.c(789): warning C4996: 'strcat': This function or variable may be unsafe. Consider using strcat_s instead. To disable deprecation, use _CRT_SECURE_NO_WARNINGS. See online help for details.
                 c:\program files (x86)\microsoft visual studio 12.0\vc\include\string.h(118) : see declaration of 'strcat'
     1>c:\program files (x86)\steam\steamapps\common\quake 2\final\g_cmds.c(790): warning C4996: 'strcat': This function or variable may be unsafe. Consider using strcat_s instead. To disable deprecation, use _CRT_SECURE_NO_WARNINGS. See online help for details.
                 c:\program files (x86)\microsoft visual studio 12.0\vc\include\string.h(118) : see declaration of 'strcat'
     1>c:\program files (x86)\steam\steamapps\common\quake 2\final\g_cmds.c(791): warning C4996: 'strcat': This function or variable may be unsafe. Consider using strcat_s instead. To disable deprecation, use _CRT_SECURE_NO_WARNINGS. See online help for details.
                 c:\program files (x86)\microsoft visual studio 12.0\vc\include\string.h(118) : see declaration of 'strcat'
     1>c:\program files (x86)\steam\steamapps\common\quake 2\final\g_cmds.c(802): warning C4996: 'strcat': This function or variable may be unsafe. Consider using strcat_s instead. To disable deprecation, use _CRT_SECURE_NO_WARNINGS. See online help for details.
                 c:\program files (x86)\microsoft visual studio 12.0\vc\include\string.h(118) : see declaration of 'strcat'
     1>c:\program files (x86)\steam\steamapps\common\quake 2\final\g_cmds.c(809): warning C4996: 'strcat': This function or variable may be unsafe. Consider using strcat_s instead. To disable deprecation, use _CRT_SECURE_NO_WARNINGS. See online help for details.
                 c:\program files (x86)\microsoft visual studio 12.0\vc\include\string.h(118) : see declaration of 'strcat'
     1>c:\program files (x86)\steam\steamapps\common\quake 2\final\g_cmds.c(874): warning C4996: 'sprintf': This function or variable may be unsafe. Consider using sprintf_s instead. To disable deprecation, use _CRT_SECURE_NO_WARNINGS. See online help for details.
                 c:\program files (x86)\microsoft visual studio 12.0\vc\include\stdio.h(356) : see declaration of 'sprintf'
     1>c:\program files (x86)\steam\steamapps\common\quake 2\final\g_cmds.c(878): warning C4996: 'strcat': This function or variable may be unsafe. Consider using strcat_s instead. To disable deprecation, use _CRT_SECURE_NO_WARNINGS. See online help for details.
                 c:\program files (x86)\microsoft visual studio 12.0\vc\include\string.h(118) : see declaration of 'strcat'
         g_chase.c
         g_ai.c
         Generating Code...
     1>C:\Program Files (x86)\MSBuild\Microsoft.Cpp\v4.0\V120\Microsoft.CppBuild.targets(1186,5): warning MSB8012: TargetPath(C:\Program Files (x86)\Steam\steamapps\common\Quake 2\final\.\..\debug\game.dll) does not match the Linker's OutputFile property value (C:\Program Files (x86)\Steam\steamapps\common\Quake 2\debug\gamex86.dll). This may cause your project to build incorrectly. To correct this, please make sure that $(OutDir), $(TargetName) and $(TargetExt) property values match the value specified in %(Link.OutputFile).
     1>C:\Program Files (x86)\MSBuild\Microsoft.Cpp\v4.0\V120\Microsoft.CppBuild.targets(1188,5): warning MSB8012: TargetName(game) does not match the Linker's OutputFile property value (gamex86). This may cause your project to build incorrectly. To correct this, please make sure that $(OutDir), $(TargetName) and $(TargetExt) property values match the value specified in %(Link.OutputFile).
       Link:
         C:\Program Files (x86)\Microsoft Visual Studio 12.0\VC\bin\link.exe /ERRORREPORT:PROMPT /OUT:"..\debug\gamex86.dll" /INCREMENTAL:NO /NOLOGO winmm.lib kernel32.lib user32.lib gdi32.lib winspool.lib comdlg32.lib advapi32.lib shell32.lib ole32.lib oleaut32.lib uuid.lib odbc32.lib odbccp32.lib /DEF:".\game.def" /MANIFEST /MANIFESTUAC:"level='asInvoker' uiAccess='false'" /manifest:embed /DEBUG /PDB:".\..\debug/gamex86.pdb" /MAP:".\debug/gamex86.map" /SUBSYSTEM:WINDOWS /TLBID:1 /BASE:"0x20000000" /DYNAMICBASE:NO /IMPLIB:".\..\debug/gamex86.lib" /MACHINE:X86 /SAFESEH /DLL .\debug/g_ai.obj
         .\debug/g_chase.obj
         .\debug/g_cmds.obj
         .\debug/g_combat.obj
         .\debug/g_func.obj
         .\debug/g_items.obj
         .\debug/g_main.obj
         .\debug/g_misc.obj
         .\debug/g_monster.obj
         .\debug/g_phys.obj
         .\debug/g_save.obj
         .\debug/g_spawn.obj
         .\debug/g_svcmds.obj
         .\debug/g_target.obj
         .\debug/g_trigger.obj
         .\debug/g_turret.obj
         .\debug/g_utils.obj
         .\debug/g_weapon.obj
         .\debug/m_actor.obj
         .\debug/m_berserk.obj
         .\debug/m_boss2.obj
         .\debug/m_boss3.obj
         .\debug/m_boss31.obj
         .\debug/m_boss32.obj
         .\debug/m_brain.obj
         .\debug/m_chick.obj
         .\debug/m_flash.obj
         .\debug/m_flipper.obj
         .\debug/m_float.obj
         .\debug/m_flyer.obj
         .\debug/m_gladiator.obj
         .\debug/m_gunner.obj
         .\debug/m_hover.obj
         .\debug/m_infantry.obj
         .\debug/m_insane.obj
         .\debug/m_medic.obj
         .\debug/m_move.obj
         .\debug/m_mutant.obj
         .\debug/m_parasite.obj
         .\debug/m_soldier.obj
         .\debug/m_supertank.obj
         .\debug/m_tank.obj
         .\debug/p_client.obj
         .\debug/p_hud.obj
         .\debug/p_trail.obj
         .\debug/p_view.obj
         .\debug/p_weapon.obj
         .\debug/q_shared.obj
     1>g_ai.obj : warning LNK4075: ignoring '/EDITANDCONTINUE' due to '/OPT:LBR' specification
            Creating library .\..\debug/gamex86.lib and object .\..\debug/gamex86.exp
         game.vcxproj -> C:\Program Files (x86)\Steam\steamapps\common\Quake 2\final\.\..\debug\game.dll
       BscMake:
         C:\Program Files (x86)\Microsoft Visual Studio 12.0\VC\bin\bscmake.exe /nologo /o".\..\debug/game.bsc" .\debug\g_ai.sbr .\debug\g_chase.sbr .\debug\g_cmds.sbr .\debug\g_combat.sbr .\debug\g_func.sbr .\debug\g_items.sbr .\debug\g_main.sbr .\debug\g_misc.sbr .\debug\g_monster.sbr .\debug\g_phys.sbr .\debug\g_save.sbr .\debug\g_spawn.sbr .\debug\g_svcmds.sbr .\debug\g_target.sbr .\debug\g_trigger.sbr .\debug\g_turret.sbr .\debug\g_utils.sbr .\debug\g_weapon.sbr .\debug\m_actor.sbr .\debug\m_berserk.sbr .\debug\m_boss2.sbr .\debug\m_boss3.sbr .\debug\m_boss31.sbr .\debug\m_boss32.sbr .\debug\m_brain.sbr .\debug\m_chick.sbr .\debug\m_flash.sbr .\debug\m_flipper.sbr .\debug\m_float.sbr .\debug\m_flyer.sbr .\debug\m_gladiator.sbr .\debug\m_gunner.sbr .\debug\m_hover.sbr .\debug\m_infantry.sbr .\debug\m_insane.sbr .\debug\m_medic.sbr .\debug\m_move.sbr .\debug\m_mutant.sbr .\debug\m_parasite.sbr .\debug\m_soldier.sbr .\debug\m_supertank.sbr .\debug\m_tank.sbr .\debug\p_client.sbr .\debug\p_hud.sbr .\debug\p_trail.sbr .\debug\p_view.sbr .\debug\p_weapon.sbr .\debug\q_shared.sbr
     1>Done Building Project "C:\Program Files (x86)\Steam\steamapps\common\Quake 2\final\game.vcxproj" (Build target(s)).

Build succeeded.

Time Elapsed 00:00:05.38
